<?xml version="1.0" encoding="UTF-8"?>
<coverage generated="1722371104052" clover="3.2.0">
  <project timestamp="1722371104053" name="All files">
    <metrics statements="48" coveredstatements="48" conditionals="52" coveredconditionals="52" methods="34" coveredmethods="34" elements="134" coveredelements="134" complexity="0" loc="48" ncloc="48" packages="7" files="10" classes="10"/>
    <package name="Button">
      <metrics statements="7" coveredstatements="7" conditionals="8" coveredconditionals="8" methods="5" coveredmethods="5"/>
      <file name="Button.tsx" path="/home/chris/BuildTest/webd3012_coding_assignment14/src/components/Button/Button.tsx">
        <metrics statements="7" coveredstatements="7" conditionals="8" coveredconditionals="8" methods="5" coveredmethods="5"/>
        <line num="5" count="1" type="stmt"/>
        <line num="6" count="2" type="cond" truecount="2" falsecount="0"/>
        <line num="7" count="2" type="cond" truecount="2" falsecount="0"/>
        <line num="8" count="2" type="cond" truecount="2" falsecount="0"/>
        <line num="14" count="2" type="cond" truecount="2" falsecount="0"/>
        <line num="17" count="1" type="stmt"/>
        <line num="22" count="2" type="stmt"/>
      </file>
    </package>
    <package name="Card">
      <metrics statements="7" coveredstatements="7" conditionals="8" coveredconditionals="8" methods="5" coveredmethods="5"/>
      <file name="Card.tsx" path="/home/chris/BuildTest/webd3012_coding_assignment14/src/components/Card/Card.tsx">
        <metrics statements="7" coveredstatements="7" conditionals="8" coveredconditionals="8" methods="5" coveredmethods="5"/>
        <line num="9" count="1" type="stmt"/>
        <line num="10" count="2" type="cond" truecount="2" falsecount="0"/>
        <line num="11" count="2" type="cond" truecount="2" falsecount="0"/>
        <line num="12" count="2" type="cond" truecount="2" falsecount="0"/>
        <line num="18" count="2" type="cond" truecount="2" falsecount="0"/>
        <line num="21" count="1" type="stmt"/>
        <line num="27" count="2" type="stmt"/>
      </file>
      <file name="Card.types.ts" path="/home/chris/BuildTest/webd3012_coding_assignment14/src/components/Card/Card.types.ts">
        <metrics statements="0" coveredstatements="0" conditionals="0" coveredconditionals="0" methods="0" coveredmethods="0"/>
      </file>
    </package>
    <package name="Dropdown">
      <metrics statements="8" coveredstatements="8" conditionals="8" coveredconditionals="8" methods="6" coveredmethods="6"/>
      <file name="Dropdown.tsx" path="/home/chris/BuildTest/webd3012_coding_assignment14/src/components/Dropdown/Dropdown.tsx">
        <metrics statements="8" coveredstatements="8" conditionals="8" coveredconditionals="8" methods="6" coveredmethods="6"/>
        <line num="9" count="1" type="stmt"/>
        <line num="10" count="2" type="cond" truecount="2" falsecount="0"/>
        <line num="11" count="2" type="cond" truecount="2" falsecount="0"/>
        <line num="12" count="2" type="cond" truecount="2" falsecount="0"/>
        <line num="18" count="2" type="cond" truecount="2" falsecount="0"/>
        <line num="21" count="1" type="stmt"/>
        <line num="26" count="2" type="stmt"/>
        <line num="29" count="6" type="stmt"/>
      </file>
      <file name="Dropdown.types.ts" path="/home/chris/BuildTest/webd3012_coding_assignment14/src/components/Dropdown/Dropdown.types.ts">
        <metrics statements="0" coveredstatements="0" conditionals="0" coveredconditionals="0" methods="0" coveredmethods="0"/>
      </file>
    </package>
    <package name="Header">
      <metrics statements="6" coveredstatements="6" conditionals="6" coveredconditionals="6" methods="4" coveredmethods="4"/>
      <file name="Header.tsx" path="/home/chris/BuildTest/webd3012_coding_assignment14/src/components/Header/Header.tsx">
        <metrics statements="6" coveredstatements="6" conditionals="6" coveredconditionals="6" methods="4" coveredmethods="4"/>
        <line num="5" count="1" type="stmt"/>
        <line num="6" count="2" type="cond" truecount="2" falsecount="0"/>
        <line num="7" count="2" type="cond" truecount="2" falsecount="0"/>
        <line num="11" count="2" type="cond" truecount="2" falsecount="0"/>
        <line num="14" count="1" type="stmt"/>
        <line num="19" count="2" type="stmt"/>
      </file>
    </package>
    <package name="Label">
      <metrics statements="6" coveredstatements="6" conditionals="6" coveredconditionals="6" methods="4" coveredmethods="4"/>
      <file name="Label.tsx" path="/home/chris/BuildTest/webd3012_coding_assignment14/src/components/Label/Label.tsx">
        <metrics statements="6" coveredstatements="6" conditionals="6" coveredconditionals="6" methods="4" coveredmethods="4"/>
        <line num="5" count="1" type="stmt"/>
        <line num="6" count="2" type="cond" truecount="2" falsecount="0"/>
        <line num="7" count="2" type="cond" truecount="2" falsecount="0"/>
        <line num="11" count="2" type="cond" truecount="2" falsecount="0"/>
        <line num="14" count="1" type="stmt"/>
        <line num="19" count="2" type="stmt"/>
      </file>
    </package>
    <package name="Radio">
      <metrics statements="7" coveredstatements="7" conditionals="8" coveredconditionals="8" methods="5" coveredmethods="5"/>
      <file name="Radio.tsx" path="/home/chris/BuildTest/webd3012_coding_assignment14/src/components/Radio/Radio.tsx">
        <metrics statements="7" coveredstatements="7" conditionals="8" coveredconditionals="8" methods="5" coveredmethods="5"/>
        <line num="9" count="1" type="stmt"/>
        <line num="10" count="2" type="cond" truecount="2" falsecount="0"/>
        <line num="11" count="2" type="cond" truecount="2" falsecount="0"/>
        <line num="12" count="2" type="cond" truecount="2" falsecount="0"/>
        <line num="18" count="2" type="cond" truecount="2" falsecount="0"/>
        <line num="21" count="1" type="stmt"/>
        <line num="26" count="2" type="stmt"/>
      </file>
      <file name="Radio.types.ts" path="/home/chris/BuildTest/webd3012_coding_assignment14/src/components/Radio/Radio.types.ts">
        <metrics statements="0" coveredstatements="0" conditionals="0" coveredconditionals="0" methods="0" coveredmethods="0"/>
      </file>
    </package>
    <package name="Text">
      <metrics statements="7" coveredstatements="7" conditionals="8" coveredconditionals="8" methods="5" coveredmethods="5"/>
      <file name="Text.tsx" path="/home/chris/BuildTest/webd3012_coding_assignment14/src/components/Text/Text.tsx">
        <metrics statements="7" coveredstatements="7" conditionals="8" coveredconditionals="8" methods="5" coveredmethods="5"/>
        <line num="5" count="1" type="stmt"/>
        <line num="6" count="2" type="cond" truecount="2" falsecount="0"/>
        <line num="7" count="2" type="cond" truecount="2" falsecount="0"/>
        <line num="8" count="2" type="cond" truecount="2" falsecount="0"/>
        <line num="12" count="2" type="cond" truecount="2" falsecount="0"/>
        <line num="15" count="1" type="stmt"/>
        <line num="20" count="2" type="stmt"/>
      </file>
    </package>
  </project>
</coverage>
