{"/home/chris/BuildTest/webd3012_coding_assignment14/src/components/Button/Button.tsx": {"path":"/home/chris/BuildTest/webd3012_coding_assignment14/src/components/Button/Button.tsx","statementMap":{"0":{"start":{"line":5,"column":21},"end":{"line":15,"column":1}},"1":{"start":{"line":6,"column":28},"end":{"line":6,"column":61}},"2":{"start":{"line":7,"column":23},"end":{"line":7,"column":64}},"3":{"start":{"line":8,"column":24},"end":{"line":8,"column":66}},"4":{"start":{"line":14,"column":25},"end":{"line":14,"column":55}},"5":{"start":{"line":17,"column":16},"end":{"line":27,"column":1}},"6":{"start":{"line":22,"column":2},"end":{"line":26,"column":4}}},"fnMap":{"0":{"name":"(anonymous_0)","decl":{"start":{"line":6,"column":16},"end":{"line":6,"column":17}},"loc":{"start":{"line":6,"column":28},"end":{"line":6,"column":61}},"line":6},"1":{"name":"(anonymous_1)","decl":{"start":{"line":7,"column":11},"end":{"line":7,"column":12}},"loc":{"start":{"line":7,"column":23},"end":{"line":7,"column":64}},"line":7},"2":{"name":"(anonymous_2)","decl":{"start":{"line":8,"column":12},"end":{"line":8,"column":13}},"loc":{"start":{"line":8,"column":24},"end":{"line":8,"column":66}},"line":8},"3":{"name":"(anonymous_3)","decl":{"start":{"line":14,"column":13},"end":{"line":14,"column":14}},"loc":{"start":{"line":14,"column":25},"end":{"line":14,"column":55}},"line":14},"4":{"name":"(anonymous_4)","decl":{"start":{"line":17,"column":40},"end":{"line":17,"column":41}},"loc":{"start":{"line":21,"column":6},"end":{"line":27,"column":1}},"line":21}},"branchMap":{"0":{"loc":{"start":{"line":6,"column":28},"end":{"line":6,"column":61}},"type":"cond-expr","locations":[{"start":{"line":6,"column":45},"end":{"line":6,"column":51}},{"start":{"line":6,"column":54},"end":{"line":6,"column":61}}],"line":6},"1":{"loc":{"start":{"line":7,"column":23},"end":{"line":7,"column":64}},"type":"cond-expr","locations":[{"start":{"line":7,"column":40},"end":{"line":7,"column":52}},{"start":{"line":7,"column":55},"end":{"line":7,"column":64}}],"line":7},"2":{"loc":{"start":{"line":8,"column":24},"end":{"line":8,"column":66}},"type":"cond-expr","locations":[{"start":{"line":8,"column":41},"end":{"line":8,"column":54}},{"start":{"line":8,"column":57},"end":{"line":8,"column":66}}],"line":8},"3":{"loc":{"start":{"line":14,"column":25},"end":{"line":14,"column":55}},"type":"cond-expr","locations":[{"start":{"line":14,"column":42},"end":{"line":14,"column":47}},{"start":{"line":14,"column":50},"end":{"line":14,"column":55}}],"line":14}},"s":{"0":1,"1":2,"2":2,"3":2,"4":2,"5":1,"6":2},"f":{"0":2,"1":2,"2":2,"3":2,"4":2},"b":{"0":[1,1],"1":[1,1],"2":[1,1],"3":[1,1]},"_coverageSchema":"1a1c01bbd47fc00a2c39e90264f33305004495a9","hash":"a2931970c6ae34dae9fa9a3868ae5923728ff96c"}
,"/home/chris/BuildTest/webd3012_coding_assignment14/src/components/Card/Card.tsx": {"path":"/home/chris/BuildTest/webd3012_coding_assignment14/src/components/Card/Card.tsx","statementMap":{"0":{"start":{"line":9,"column":19},"end":{"line":19,"column":1}},"1":{"start":{"line":10,"column":28},"end":{"line":10,"column":66}},"2":{"start":{"line":11,"column":23},"end":{"line":11,"column":64}},"3":{"start":{"line":12,"column":24},"end":{"line":12,"column":66}},"4":{"start":{"line":18,"column":25},"end":{"line":18,"column":55}},"5":{"start":{"line":21,"column":14},"end":{"line":33,"column":1}},"6":{"start":{"line":27,"column":2},"end":{"line":32,"column":4}}},"fnMap":{"0":{"name":"(anonymous_0)","decl":{"start":{"line":10,"column":16},"end":{"line":10,"column":17}},"loc":{"start":{"line":10,"column":28},"end":{"line":10,"column":66}},"line":10},"1":{"name":"(anonymous_1)","decl":{"start":{"line":11,"column":11},"end":{"line":11,"column":12}},"loc":{"start":{"line":11,"column":23},"end":{"line":11,"column":64}},"line":11},"2":{"name":"(anonymous_2)","decl":{"start":{"line":12,"column":12},"end":{"line":12,"column":13}},"loc":{"start":{"line":12,"column":24},"end":{"line":12,"column":66}},"line":12},"3":{"name":"(anonymous_3)","decl":{"start":{"line":18,"column":13},"end":{"line":18,"column":14}},"loc":{"start":{"line":18,"column":25},"end":{"line":18,"column":55}},"line":18},"4":{"name":"(anonymous_4)","decl":{"start":{"line":21,"column":36},"end":{"line":21,"column":37}},"loc":{"start":{"line":26,"column":6},"end":{"line":33,"column":1}},"line":26}},"branchMap":{"0":{"loc":{"start":{"line":10,"column":28},"end":{"line":10,"column":66}},"type":"cond-expr","locations":[{"start":{"line":10,"column":45},"end":{"line":10,"column":51}},{"start":{"line":10,"column":54},"end":{"line":10,"column":66}}],"line":10},"1":{"loc":{"start":{"line":11,"column":23},"end":{"line":11,"column":64}},"type":"cond-expr","locations":[{"start":{"line":11,"column":40},"end":{"line":11,"column":52}},{"start":{"line":11,"column":55},"end":{"line":11,"column":64}}],"line":11},"2":{"loc":{"start":{"line":12,"column":24},"end":{"line":12,"column":66}},"type":"cond-expr","locations":[{"start":{"line":12,"column":41},"end":{"line":12,"column":54}},{"start":{"line":12,"column":57},"end":{"line":12,"column":66}}],"line":12},"3":{"loc":{"start":{"line":18,"column":25},"end":{"line":18,"column":55}},"type":"cond-expr","locations":[{"start":{"line":18,"column":42},"end":{"line":18,"column":47}},{"start":{"line":18,"column":50},"end":{"line":18,"column":55}}],"line":18}},"s":{"0":1,"1":2,"2":2,"3":2,"4":2,"5":1,"6":2},"f":{"0":2,"1":2,"2":2,"3":2,"4":2},"b":{"0":[1,1],"1":[1,1],"2":[1,1],"3":[1,1]},"_coverageSchema":"1a1c01bbd47fc00a2c39e90264f33305004495a9","hash":"b58f9fe661cfc2eb7c95e91c96150cf1fe2975ea"}
,"/home/chris/BuildTest/webd3012_coding_assignment14/src/components/Card/Card.types.ts": {"path":"/home/chris/BuildTest/webd3012_coding_assignment14/src/components/Card/Card.types.ts","statementMap":{},"fnMap":{},"branchMap":{},"s":{},"f":{},"b":{},"_coverageSchema":"1a1c01bbd47fc00a2c39e90264f33305004495a9","hash":"808f2d6b91acbdf1d29d9655e6d6b39b40ddb7fe"}
,"/home/chris/BuildTest/webd3012_coding_assignment14/src/components/Dropdown/Dropdown.tsx": {"path":"/home/chris/BuildTest/webd3012_coding_assignment14/src/components/Dropdown/Dropdown.tsx","statementMap":{"0":{"start":{"line":9,"column":23},"end":{"line":19,"column":1}},"1":{"start":{"line":10,"column":28},"end":{"line":10,"column":66}},"2":{"start":{"line":11,"column":23},"end":{"line":11,"column":64}},"3":{"start":{"line":12,"column":24},"end":{"line":12,"column":66}},"4":{"start":{"line":18,"column":25},"end":{"line":18,"column":55}},"5":{"start":{"line":21,"column":18},"end":{"line":35,"column":1}},"6":{"start":{"line":26,"column":2},"end":{"line":34,"column":4}},"7":{"start":{"line":29,"column":8},"end":{"line":31,"column":17}}},"fnMap":{"0":{"name":"(anonymous_0)","decl":{"start":{"line":10,"column":16},"end":{"line":10,"column":17}},"loc":{"start":{"line":10,"column":28},"end":{"line":10,"column":66}},"line":10},"1":{"name":"(anonymous_1)","decl":{"start":{"line":11,"column":11},"end":{"line":11,"column":12}},"loc":{"start":{"line":11,"column":23},"end":{"line":11,"column":64}},"line":11},"2":{"name":"(anonymous_2)","decl":{"start":{"line":12,"column":12},"end":{"line":12,"column":13}},"loc":{"start":{"line":12,"column":24},"end":{"line":12,"column":66}},"line":12},"3":{"name":"(anonymous_3)","decl":{"start":{"line":18,"column":13},"end":{"line":18,"column":14}},"loc":{"start":{"line":18,"column":25},"end":{"line":18,"column":55}},"line":18},"4":{"name":"(anonymous_4)","decl":{"start":{"line":21,"column":44},"end":{"line":21,"column":45}},"loc":{"start":{"line":25,"column":6},"end":{"line":35,"column":1}},"line":25},"5":{"name":"(anonymous_5)","decl":{"start":{"line":28,"column":19},"end":{"line":28,"column":20}},"loc":{"start":{"line":29,"column":8},"end":{"line":31,"column":17}},"line":29}},"branchMap":{"0":{"loc":{"start":{"line":10,"column":28},"end":{"line":10,"column":66}},"type":"cond-expr","locations":[{"start":{"line":10,"column":45},"end":{"line":10,"column":51}},{"start":{"line":10,"column":54},"end":{"line":10,"column":66}}],"line":10},"1":{"loc":{"start":{"line":11,"column":23},"end":{"line":11,"column":64}},"type":"cond-expr","locations":[{"start":{"line":11,"column":40},"end":{"line":11,"column":52}},{"start":{"line":11,"column":55},"end":{"line":11,"column":64}}],"line":11},"2":{"loc":{"start":{"line":12,"column":24},"end":{"line":12,"column":66}},"type":"cond-expr","locations":[{"start":{"line":12,"column":41},"end":{"line":12,"column":54}},{"start":{"line":12,"column":57},"end":{"line":12,"column":66}}],"line":12},"3":{"loc":{"start":{"line":18,"column":25},"end":{"line":18,"column":55}},"type":"cond-expr","locations":[{"start":{"line":18,"column":42},"end":{"line":18,"column":47}},{"start":{"line":18,"column":50},"end":{"line":18,"column":55}}],"line":18}},"s":{"0":1,"1":2,"2":2,"3":2,"4":2,"5":1,"6":2,"7":6},"f":{"0":2,"1":2,"2":2,"3":2,"4":2,"5":6},"b":{"0":[1,1],"1":[1,1],"2":[1,1],"3":[1,1]},"_coverageSchema":"1a1c01bbd47fc00a2c39e90264f33305004495a9","hash":"53db5bcae52d750fa4bd848585434f0073f87a66"}
,"/home/chris/BuildTest/webd3012_coding_assignment14/src/components/Dropdown/Dropdown.types.ts": {"path":"/home/chris/BuildTest/webd3012_coding_assignment14/src/components/Dropdown/Dropdown.types.ts","statementMap":{},"fnMap":{},"branchMap":{},"s":{},"f":{},"b":{},"_coverageSchema":"1a1c01bbd47fc00a2c39e90264f33305004495a9","hash":"1d19e5a7e4fd0bb59a261cf9d784d284072dca9e"}
,"/home/chris/BuildTest/webd3012_coding_assignment14/src/components/Header/Header.tsx": {"path":"/home/chris/BuildTest/webd3012_coding_assignment14/src/components/Header/Header.tsx","statementMap":{"0":{"start":{"line":5,"column":21},"end":{"line":12,"column":1}},"1":{"start":{"line":6,"column":23},"end":{"line":6,"column":64}},"2":{"start":{"line":7,"column":24},"end":{"line":7,"column":66}},"3":{"start":{"line":11,"column":25},"end":{"line":11,"column":55}},"4":{"start":{"line":14,"column":16},"end":{"line":24,"column":1}},"5":{"start":{"line":19,"column":2},"end":{"line":23,"column":4}}},"fnMap":{"0":{"name":"(anonymous_0)","decl":{"start":{"line":6,"column":11},"end":{"line":6,"column":12}},"loc":{"start":{"line":6,"column":23},"end":{"line":6,"column":64}},"line":6},"1":{"name":"(anonymous_1)","decl":{"start":{"line":7,"column":12},"end":{"line":7,"column":13}},"loc":{"start":{"line":7,"column":24},"end":{"line":7,"column":66}},"line":7},"2":{"name":"(anonymous_2)","decl":{"start":{"line":11,"column":13},"end":{"line":11,"column":14}},"loc":{"start":{"line":11,"column":25},"end":{"line":11,"column":55}},"line":11},"3":{"name":"(anonymous_3)","decl":{"start":{"line":14,"column":40},"end":{"line":14,"column":41}},"loc":{"start":{"line":18,"column":6},"end":{"line":24,"column":1}},"line":18}},"branchMap":{"0":{"loc":{"start":{"line":6,"column":23},"end":{"line":6,"column":64}},"type":"cond-expr","locations":[{"start":{"line":6,"column":40},"end":{"line":6,"column":52}},{"start":{"line":6,"column":55},"end":{"line":6,"column":64}}],"line":6},"1":{"loc":{"start":{"line":7,"column":24},"end":{"line":7,"column":66}},"type":"cond-expr","locations":[{"start":{"line":7,"column":41},"end":{"line":7,"column":54}},{"start":{"line":7,"column":57},"end":{"line":7,"column":66}}],"line":7},"2":{"loc":{"start":{"line":11,"column":25},"end":{"line":11,"column":55}},"type":"cond-expr","locations":[{"start":{"line":11,"column":42},"end":{"line":11,"column":47}},{"start":{"line":11,"column":50},"end":{"line":11,"column":55}}],"line":11}},"s":{"0":1,"1":2,"2":2,"3":2,"4":1,"5":2},"f":{"0":2,"1":2,"2":2,"3":2},"b":{"0":[1,1],"1":[1,1],"2":[1,1]},"_coverageSchema":"1a1c01bbd47fc00a2c39e90264f33305004495a9","hash":"ce0e09f3b040a84602de7ce7be0be08ee6ff8591"}
,"/home/chris/BuildTest/webd3012_coding_assignment14/src/components/Label/Label.tsx": {"path":"/home/chris/BuildTest/webd3012_coding_assignment14/src/components/Label/Label.tsx","statementMap":{"0":{"start":{"line":5,"column":20},"end":{"line":12,"column":1}},"1":{"start":{"line":6,"column":23},"end":{"line":6,"column":64}},"2":{"start":{"line":7,"column":24},"end":{"line":7,"column":66}},"3":{"start":{"line":11,"column":25},"end":{"line":11,"column":55}},"4":{"start":{"line":14,"column":15},"end":{"line":24,"column":1}},"5":{"start":{"line":19,"column":2},"end":{"line":23,"column":4}}},"fnMap":{"0":{"name":"(anonymous_0)","decl":{"start":{"line":6,"column":11},"end":{"line":6,"column":12}},"loc":{"start":{"line":6,"column":23},"end":{"line":6,"column":64}},"line":6},"1":{"name":"(anonymous_1)","decl":{"start":{"line":7,"column":12},"end":{"line":7,"column":13}},"loc":{"start":{"line":7,"column":24},"end":{"line":7,"column":66}},"line":7},"2":{"name":"(anonymous_2)","decl":{"start":{"line":11,"column":13},"end":{"line":11,"column":14}},"loc":{"start":{"line":11,"column":25},"end":{"line":11,"column":55}},"line":11},"3":{"name":"(anonymous_3)","decl":{"start":{"line":14,"column":38},"end":{"line":14,"column":39}},"loc":{"start":{"line":18,"column":6},"end":{"line":24,"column":1}},"line":18}},"branchMap":{"0":{"loc":{"start":{"line":6,"column":23},"end":{"line":6,"column":64}},"type":"cond-expr","locations":[{"start":{"line":6,"column":40},"end":{"line":6,"column":52}},{"start":{"line":6,"column":55},"end":{"line":6,"column":64}}],"line":6},"1":{"loc":{"start":{"line":7,"column":24},"end":{"line":7,"column":66}},"type":"cond-expr","locations":[{"start":{"line":7,"column":41},"end":{"line":7,"column":54}},{"start":{"line":7,"column":57},"end":{"line":7,"column":66}}],"line":7},"2":{"loc":{"start":{"line":11,"column":25},"end":{"line":11,"column":55}},"type":"cond-expr","locations":[{"start":{"line":11,"column":42},"end":{"line":11,"column":47}},{"start":{"line":11,"column":50},"end":{"line":11,"column":55}}],"line":11}},"s":{"0":1,"1":2,"2":2,"3":2,"4":1,"5":2},"f":{"0":2,"1":2,"2":2,"3":2},"b":{"0":[1,1],"1":[1,1],"2":[1,1]},"_coverageSchema":"1a1c01bbd47fc00a2c39e90264f33305004495a9","hash":"89b4d4f470704a74cf4613d97c068ac376a415d5"}
,"/home/chris/BuildTest/webd3012_coding_assignment14/src/components/Radio/Radio.tsx": {"path":"/home/chris/BuildTest/webd3012_coding_assignment14/src/components/Radio/Radio.tsx","statementMap":{"0":{"start":{"line":9,"column":20},"end":{"line":19,"column":1}},"1":{"start":{"line":10,"column":28},"end":{"line":10,"column":66}},"2":{"start":{"line":11,"column":23},"end":{"line":11,"column":64}},"3":{"start":{"line":12,"column":24},"end":{"line":12,"column":66}},"4":{"start":{"line":18,"column":25},"end":{"line":18,"column":55}},"5":{"start":{"line":21,"column":15},"end":{"line":32,"column":1}},"6":{"start":{"line":26,"column":2},"end":{"line":31,"column":4}}},"fnMap":{"0":{"name":"(anonymous_0)","decl":{"start":{"line":10,"column":16},"end":{"line":10,"column":17}},"loc":{"start":{"line":10,"column":28},"end":{"line":10,"column":66}},"line":10},"1":{"name":"(anonymous_1)","decl":{"start":{"line":11,"column":11},"end":{"line":11,"column":12}},"loc":{"start":{"line":11,"column":23},"end":{"line":11,"column":64}},"line":11},"2":{"name":"(anonymous_2)","decl":{"start":{"line":12,"column":12},"end":{"line":12,"column":13}},"loc":{"start":{"line":12,"column":24},"end":{"line":12,"column":66}},"line":12},"3":{"name":"(anonymous_3)","decl":{"start":{"line":18,"column":13},"end":{"line":18,"column":14}},"loc":{"start":{"line":18,"column":25},"end":{"line":18,"column":55}},"line":18},"4":{"name":"(anonymous_4)","decl":{"start":{"line":21,"column":38},"end":{"line":21,"column":39}},"loc":{"start":{"line":25,"column":6},"end":{"line":32,"column":1}},"line":25}},"branchMap":{"0":{"loc":{"start":{"line":10,"column":28},"end":{"line":10,"column":66}},"type":"cond-expr","locations":[{"start":{"line":10,"column":45},"end":{"line":10,"column":51}},{"start":{"line":10,"column":54},"end":{"line":10,"column":66}}],"line":10},"1":{"loc":{"start":{"line":11,"column":23},"end":{"line":11,"column":64}},"type":"cond-expr","locations":[{"start":{"line":11,"column":40},"end":{"line":11,"column":52}},{"start":{"line":11,"column":55},"end":{"line":11,"column":64}}],"line":11},"2":{"loc":{"start":{"line":12,"column":24},"end":{"line":12,"column":66}},"type":"cond-expr","locations":[{"start":{"line":12,"column":41},"end":{"line":12,"column":54}},{"start":{"line":12,"column":57},"end":{"line":12,"column":66}}],"line":12},"3":{"loc":{"start":{"line":18,"column":25},"end":{"line":18,"column":55}},"type":"cond-expr","locations":[{"start":{"line":18,"column":42},"end":{"line":18,"column":47}},{"start":{"line":18,"column":50},"end":{"line":18,"column":55}}],"line":18}},"s":{"0":1,"1":2,"2":2,"3":2,"4":2,"5":1,"6":2},"f":{"0":2,"1":2,"2":2,"3":2,"4":2},"b":{"0":[1,1],"1":[1,1],"2":[1,1],"3":[1,1]},"_coverageSchema":"1a1c01bbd47fc00a2c39e90264f33305004495a9","hash":"975e98b92ab4669c3dda896bed228dd157bd6823"}
,"/home/chris/BuildTest/webd3012_coding_assignment14/src/components/Radio/Radio.types.ts": {"path":"/home/chris/BuildTest/webd3012_coding_assignment14/src/components/Radio/Radio.types.ts","statementMap":{},"fnMap":{},"branchMap":{},"s":{},"f":{},"b":{},"_coverageSchema":"1a1c01bbd47fc00a2c39e90264f33305004495a9","hash":"ceaf5c4061f460881cac4a6e1d5f820db2f9ae05"}
,"/home/chris/BuildTest/webd3012_coding_assignment14/src/components/Text/Text.tsx": {"path":"/home/chris/BuildTest/webd3012_coding_assignment14/src/components/Text/Text.tsx","statementMap":{"0":{"start":{"line":5,"column":19},"end":{"line":13,"column":1}},"1":{"start":{"line":6,"column":28},"end":{"line":6,"column":66}},"2":{"start":{"line":7,"column":23},"end":{"line":7,"column":64}},"3":{"start":{"line":8,"column":24},"end":{"line":8,"column":66}},"4":{"start":{"line":12,"column":25},"end":{"line":12,"column":55}},"5":{"start":{"line":15,"column":14},"end":{"line":25,"column":1}},"6":{"start":{"line":20,"column":2},"end":{"line":24,"column":4}}},"fnMap":{"0":{"name":"(anonymous_0)","decl":{"start":{"line":6,"column":16},"end":{"line":6,"column":17}},"loc":{"start":{"line":6,"column":28},"end":{"line":6,"column":66}},"line":6},"1":{"name":"(anonymous_1)","decl":{"start":{"line":7,"column":11},"end":{"line":7,"column":12}},"loc":{"start":{"line":7,"column":23},"end":{"line":7,"column":64}},"line":7},"2":{"name":"(anonymous_2)","decl":{"start":{"line":8,"column":12},"end":{"line":8,"column":13}},"loc":{"start":{"line":8,"column":24},"end":{"line":8,"column":66}},"line":8},"3":{"name":"(anonymous_3)","decl":{"start":{"line":12,"column":13},"end":{"line":12,"column":14}},"loc":{"start":{"line":12,"column":25},"end":{"line":12,"column":55}},"line":12},"4":{"name":"(anonymous_4)","decl":{"start":{"line":15,"column":36},"end":{"line":15,"column":37}},"loc":{"start":{"line":19,"column":6},"end":{"line":25,"column":1}},"line":19}},"branchMap":{"0":{"loc":{"start":{"line":6,"column":28},"end":{"line":6,"column":66}},"type":"cond-expr","locations":[{"start":{"line":6,"column":45},"end":{"line":6,"column":51}},{"start":{"line":6,"column":54},"end":{"line":6,"column":66}}],"line":6},"1":{"loc":{"start":{"line":7,"column":23},"end":{"line":7,"column":64}},"type":"cond-expr","locations":[{"start":{"line":7,"column":40},"end":{"line":7,"column":52}},{"start":{"line":7,"column":55},"end":{"line":7,"column":64}}],"line":7},"2":{"loc":{"start":{"line":8,"column":24},"end":{"line":8,"column":66}},"type":"cond-expr","locations":[{"start":{"line":8,"column":41},"end":{"line":8,"column":54}},{"start":{"line":8,"column":57},"end":{"line":8,"column":66}}],"line":8},"3":{"loc":{"start":{"line":12,"column":25},"end":{"line":12,"column":55}},"type":"cond-expr","locations":[{"start":{"line":12,"column":42},"end":{"line":12,"column":47}},{"start":{"line":12,"column":50},"end":{"line":12,"column":55}}],"line":12}},"s":{"0":1,"1":2,"2":2,"3":2,"4":2,"5":1,"6":2},"f":{"0":2,"1":2,"2":2,"3":2,"4":2},"b":{"0":[1,1],"1":[1,1],"2":[1,1],"3":[1,1]},"_coverageSchema":"1a1c01bbd47fc00a2c39e90264f33305004495a9","hash":"ef0378e07d76010f851ff07757e127b385595459"}
}
